<?xml version="1.0" encoding="UTF-8"?>
<!-- Generated by org.testng.reporters.JUnitReportReporter -->
<testsuite hostname="LAPTOP-62C0PDQP" failures="0" tests="6" name="api_tests.DataDrivnTest" time="11.939" errors="0" timestamp="2024-12-12T15:40:03 IST" skipped="0">
  <testcase classname="api_tests.DataDrivnTest" name="testPostusers" time="2.198"/>
  <system-out/>
  <testcase classname="api_tests.DataDrivnTest" name="testPostusers" time="1.907"/>
  <system-out/>
  <testcase classname="api_tests.DataDrivnTest" name="testPostusers" time="1.826"/>
  <system-out/>
  <testcase classname="api_tests.DataDrivnTest" name="testdeleteuserByname" time="1.370"/>
  <system-out/>
  <testcase classname="api_tests.DataDrivnTest" name="testdeleteuserByname" time="3.022"/>
  <system-out/>
  <testcase classname="api_tests.DataDrivnTest" name="testdeleteuserByname" time="1.616"/>
  <system-out/>
</testsuite> <!-- api_tests.DataDrivnTest -->
