<?xml version="1.0" encoding="UTF-8"?>
<!-- Generated by org.testng.reporters.JUnitReportReporter -->
<testsuite hostname="LAPTOP-62C0PDQP" failures="0" tests="10" name="api_tests.GenralClassForRunProperty_FileURL" time="20.613" errors="0" timestamp="2024-12-12T15:30:09 IST" skipped="0">
  <testcase classname="api_tests.GenralClassForRunProperty_FileURL" name="testPostUser" time="4.627"/>
  <system-out/>
  <testcase classname="api_tests.GenralClassForRunProperty_FileURL" name="testGetUser" time="1.455"/>
  <system-out/>
  <testcase classname="api_tests.GenralClassForRunProperty_FileURL" name="testupdateUser" time="3.297"/>
  <system-out/>
  <testcase classname="api_tests.GenralClassForRunProperty_FileURL" name="testDeleteUser" time="1.654"/>
  <system-out/>
  <testcase classname="api_tests.GenralClassForRunProperty_FileURL" name="testPostusers" time="1.825"/>
  <system-out/>
  <testcase classname="api_tests.GenralClassForRunProperty_FileURL" name="testPostusers" time="1.530"/>
  <system-out/>
  <testcase classname="api_tests.GenralClassForRunProperty_FileURL" name="testPostusers" time="1.602"/>
  <system-out/>
  <testcase classname="api_tests.GenralClassForRunProperty_FileURL" name="testdeleteuserByname" time="1.491"/>
  <system-out/>
  <testcase classname="api_tests.GenralClassForRunProperty_FileURL" name="testdeleteuserByname" time="1.588"/>
  <system-out/>
  <testcase classname="api_tests.GenralClassForRunProperty_FileURL" name="testdeleteuserByname" time="1.544"/>
  <system-out/>
</testsuite> <!-- api_tests.GenralClassForRunProperty_FileURL -->
