<?xml version="1.0" encoding="UTF-8"?>
<!-- Generated by org.testng.reporters.JUnitReportReporter -->
<testsuite hostname="LAPTOP-62C0PDQP" failures="0" tests="4" name="api_tests.UserTest" time="11.484" errors="0" timestamp="2024-12-12T16:12:01 IST" skipped="0">
  <testcase classname="api_tests.UserTest" name="testPostUser" time="4.836"/>
  <system-out/>
  <testcase classname="api_tests.UserTest" name="testGetUser" time="1.498"/>
  <system-out/>
  <testcase classname="api_tests.UserTest" name="testupdateUser" time="3.559"/>
  <system-out/>
  <testcase classname="api_tests.UserTest" name="testDeleteUser" time="1.591"/>
  <system-out/>
</testsuite> <!-- api_tests.UserTest -->
